
Showing logs for build [32mcb-kubecd-environment-pr-209-57-tv2tv-1[0m stage [32mfrom-build-pack[0m and container [32mstep-credential-initializer-z9c5t[0m
{"level":"info","ts":1587843756.2141762,"logger":"fallback-logger","caller":"logging/config.go:69","msg":"Fetch GitHub commit ID from kodata failed: open /var/run/ko/refs/heads/0.8.0-ns-support: no such file or directory"}
{"level":"info","ts":1587843756.2150161,"logger":"fallback-logger","caller":"creds-init/main.go:40","msg":"Credentials initialized."}

Showing logs for build [32mcb-kubecd-environment-pr-209-57-tv2tv-1[0m stage [32mfrom-build-pack[0m and container [32mstep-working-dir-initializer-b7s4p[0m
{"level":"info","ts":1587843757.1420543,"logger":"fallback-logger","caller":"logging/config.go:69","msg":"Fetch GitHub commit ID from kodata failed: open /var/run/ko/HEAD: no such file or directory"}
{"level":"info","ts":1587843757.1434205,"logger":"fallback-logger","caller":"bash/main.go:64","msg":"Successfully executed command \"sh -c mkdir -p /workspace/source\"; output "}

Showing logs for build [32mcb-kubecd-environment-pr-209-57-tv2tv-1[0m stage [32mfrom-build-pack[0m and container [32mstep-place-tools[0m

Showing logs for build [32mcb-kubecd-environment-pr-209-57-tv2tv-1[0m stage [32mfrom-build-pack[0m and container [32mstep-git-source-cb-kubecd-environment-pr-209-57-tv2tv-ph56j[0m
{"level":"info","ts":1587843762.302659,"logger":"fallback-logger","caller":"logging/config.go:69","msg":"Fetch GitHub commit ID from kodata failed: open /var/run/ko/refs/heads/0.8.0-ns-support: no such file or directory"}
{"level":"info","ts":1587843763.39198,"logger":"fallback-logger","caller":"git/git.go:103","msg":"Successfully cloned https://github.com/cb-kubecd/environment-pr-209-57-boot-gke-staging.git @ master in path /workspace/source"}

Showing logs for build [32mcb-kubecd-environment-pr-209-57-tv2tv-1[0m stage [32mfrom-build-pack[0m and container [32mstep-git-merge[0m
Using SHAs from PULL_REFS=master:a31259bb42784348fd26575f1097b43ac45bebe7,6:47cdcc47f6c71d31d44a19a78157844124d15338
DEBUG: LC_ALL=C JX_LOG_LEVEL=error git fetch origin --unshallow 47cdcc47f6c71d31d44a19a78157844124d15338: a31259bb42784348fd26575f1097b43ac45bebe7:
DEBUG: ran git fetch --unshallow origin 47cdcc47f6c71d31d44a19a78157844124d15338: a31259bb42784348fd26575f1097b43ac45bebe7: in 
DEBUG: LC_ALL=C JX_LOG_LEVEL=error git branch
DEBUG: LC_ALL=C JX_LOG_LEVEL=error git checkout master
DEBUG: ran git checkout master in 
DEBUG: LC_ALL=C JX_LOG_LEVEL=error git reset --hard a31259bb42784348fd26575f1097b43ac45bebe7
DEBUG: ran git reset --hard a31259bb42784348fd26575f1097b43ac45bebe7 in 
DEBUG: LC_ALL=C JX_LOG_LEVEL=error git clean -fd .
DEBUG: ran clean --force -d . in 
DEBUG: LC_ALL=C JX_LOG_LEVEL=error git merge 47cdcc47f6c71d31d44a19a78157844124d15338
DEBUG: ran git merge 47cdcc47f6c71d31d44a19a78157844124d15338 in 
DEBUG: JX_LOG_LEVEL=error LC_ALL=C git log --format=%H%x1f%an%x1f%ae%x1f%cn%x1f%ce%x1f%s%n%b%x1e a31259bb42784348fd26575f1097b43ac45bebe7..HEAD
Merged SHA 47cdcc47f6c71d31d44a19a78157844124d15338 with commit message 'chore: Promote bdd-ghf**y-import-1587843004 to version 0.0.1' into base branch master

Showing logs for build [32mcb-kubecd-environment-pr-209-57-tv2tv-1[0m stage [32mfrom-build-pack[0m and container [32mstep-build-helm-build[0m
WARNING: No $CHART_REPOSITORY defined so using the default value of: http://jenkins-x-chartmuseum:8080
Adding missing Helm repo: storage.googleapis.com https://storage.googleapis.com/chartmuseum.jenkins-x.io
WARNING: No secrets found on "helm/repos" due: reading the secret "helm/repos" from vault: no secret "helm/repos" not found in vault
Read credentials for https://storage.googleapis.com/chartmuseum.jenkins-x.io from vault helm/repos
Successfully added Helm repository storage.googleapis.com.
Adding missing Helm repo: jenkins-x-chartmuseum http://jenkins-x-chartmuseum:8080
WARNING: No secrets found on "helm/repos" due: reading the secret "helm/repos" from vault: no secret "helm/repos" not found in vault
Read credentials for http://jenkins-x-chartmuseum:8080 from vault helm/repos
Successfully added Helm repository jenkins-x-chartmuseum.
WARNING: No $CHART_REPOSITORY defined so using the default value of: http://jenkins-x-chartmuseum:8080
Adding missing Helm repo: chartmuseum.jenkins-x.io http://chartmuseum.jenkins-x.io
WARNING: No secrets found on "helm/repos" due: reading the secret "helm/repos" from vault: no secret "helm/repos" not found in vault
Read credentials for http://chartmuseum.jenkins-x.io from vault helm/repos
Successfully added Helm repository chartmuseum.jenkins-x.io.
