
Showing logs for build [32mcb-kubecd-environment-pr-209-57-lrgf9-1[0m stage [32mfrom-build-pack[0m and container [32mstep-credential-initializer-lg68z[0m
{"level":"info","ts":1587844224.2836313,"logger":"fallback-logger","caller":"logging/config.go:69","msg":"Fetch GitHub commit ID from kodata failed: open /var/run/ko/refs/heads/0.8.0-ns-support: no such file or directory"}
{"level":"info","ts":1587844224.284557,"logger":"fallback-logger","caller":"creds-init/main.go:40","msg":"Credentials initialized."}

Showing logs for build [32mcb-kubecd-environment-pr-209-57-lrgf9-1[0m stage [32mfrom-build-pack[0m and container [32mstep-working-dir-initializer-x825l[0m
{"level":"info","ts":1587844225.3224885,"logger":"fallback-logger","caller":"logging/config.go:69","msg":"Fetch GitHub commit ID from kodata failed: open /var/run/ko/HEAD: no such file or directory"}
{"level":"info","ts":1587844225.3241935,"logger":"fallback-logger","caller":"bash/main.go:64","msg":"Successfully executed command \"sh -c mkdir -p /workspace/source\"; output "}

Showing logs for build [32mcb-kubecd-environment-pr-209-57-lrgf9-1[0m stage [32mfrom-build-pack[0m and container [32mstep-place-tools[0m

Showing logs for build [32mcb-kubecd-environment-pr-209-57-lrgf9-1[0m stage [32mfrom-build-pack[0m and container [32mstep-git-source-cb-kubecd-environment-pr-209-57-lrgf9-rf4sd[0m
{"level":"info","ts":1587844230.529882,"logger":"fallback-logger","caller":"logging/config.go:69","msg":"Fetch GitHub commit ID from kodata failed: open /var/run/ko/refs/heads/0.8.0-ns-support: no such file or directory"}
{"level":"info","ts":1587844231.61202,"logger":"fallback-logger","caller":"git/git.go:103","msg":"Successfully cloned https://github.com/cb-kubecd/environment-pr-209-57-boot-gke-staging.git @ master in path /workspace/source"}

Showing logs for build [32mcb-kubecd-environment-pr-209-57-lrgf9-1[0m stage [32mfrom-build-pack[0m and container [32mstep-git-merge[0m
Using SHAs from PULL_REFS=master:632d029b499dee4987137c0831fcf010c9222685,7:ddafe0c41388edb93e5857fde4c35d8a2c8f7ecc
DEBUG: LC_ALL=C JX_LOG_LEVEL=error git fetch origin --unshallow ddafe0c41388edb93e5857fde4c35d8a2c8f7ecc: 632d029b499dee4987137c0831fcf010c9222685:
DEBUG: ran git fetch --unshallow origin ddafe0c41388edb93e5857fde4c35d8a2c8f7ecc: 632d029b499dee4987137c0831fcf010c9222685: in 
DEBUG: JX_LOG_LEVEL=error LC_ALL=C git branch
DEBUG: JX_LOG_LEVEL=error LC_ALL=C git checkout master
DEBUG: ran git checkout master in 
DEBUG: LC_ALL=C JX_LOG_LEVEL=error git reset --hard 632d029b499dee4987137c0831fcf010c9222685
DEBUG: ran git reset --hard 632d029b499dee4987137c0831fcf010c9222685 in 
DEBUG: LC_ALL=C JX_LOG_LEVEL=error git clean -fd .
DEBUG: ran clean --force -d . in 
DEBUG: JX_LOG_LEVEL=error LC_ALL=C git merge ddafe0c41388edb93e5857fde4c35d8a2c8f7ecc
DEBUG: ran git merge ddafe0c41388edb93e5857fde4c35d8a2c8f7ecc in 
DEBUG: LC_ALL=C JX_LOG_LEVEL=error git log --format=%H%x1f%an%x1f%ae%x1f%cn%x1f%ce%x1f%s%n%b%x1e 632d029b499dee4987137c0831fcf010c9222685..HEAD
Merged SHA ddafe0c41388edb93e5857fde4c35d8a2c8f7ecc with commit message 'chore: Promote bdd-nh-import-1587843004 to version 0.0.1' into base branch master

Showing logs for build [32mcb-kubecd-environment-pr-209-57-lrgf9-1[0m stage [32mfrom-build-pack[0m and container [32mstep-build-helm-build[0m
WARNING: No $CHART_REPOSITORY defined so using the default value of: http://jenkins-x-chartmuseum:8080
Adding missing Helm repo: storage.googleapis.com https://storage.googleapis.com/chartmuseum.jenkins-x.io
WARNING: No secrets found on "helm/repos" due: reading the secret "helm/repos" from vault: no secret "helm/repos" not found in vault
Read credentials for https://storage.googleapis.com/chartmuseum.jenkins-x.io from vault helm/repos
Successfully added Helm repository storage.googleapis.com.
Adding missing Helm repo: jenkins-x-chartmuseum http://jenkins-x-chartmuseum:8080
WARNING: No secrets found on "helm/repos" due: reading the secret "helm/repos" from vault: no secret "helm/repos" not found in vault
Read credentials for http://jenkins-x-chartmuseum:8080 from vault helm/repos
Successfully added Helm repository jenkins-x-chartmuseum.
WARNING: No $CHART_REPOSITORY defined so using the default value of: http://jenkins-x-chartmuseum:8080
Adding missing Helm repo: chartmuseum.jenkins-x.io http://chartmuseum.jenkins-x.io
WARNING: No secrets found on "helm/repos" due: reading the secret "helm/repos" from vault: no secret "helm/repos" not found in vault
Read credentials for http://chartmuseum.jenkins-x.io from vault helm/repos
Successfully added Helm repository chartmuseum.jenkins-x.io.
