
Showing logs for build [32mcb-kubecd-environment-pr-209-57-r6jng-1[0m stage [32mfrom-build-pack[0m and container [32mstep-credential-initializer-5kt4x[0m
{"level":"info","ts":1587843248.2940602,"logger":"fallback-logger","caller":"logging/config.go:69","msg":"Fetch GitHub commit ID from kodata failed: open /var/run/ko/refs/heads/0.8.0-ns-support: no such file or directory"}
{"level":"info","ts":1587843248.294646,"logger":"fallback-logger","caller":"creds-init/main.go:40","msg":"Credentials initialized."}

Showing logs for build [32mcb-kubecd-environment-pr-209-57-r6jng-1[0m stage [32mfrom-build-pack[0m and container [32mstep-working-dir-initializer-pwhfd[0m
{"level":"info","ts":1587843248.683303,"logger":"fallback-logger","caller":"logging/config.go:69","msg":"Fetch GitHub commit ID from kodata failed: open /var/run/ko/HEAD: no such file or directory"}
{"level":"info","ts":1587843248.6850758,"logger":"fallback-logger","caller":"bash/main.go:64","msg":"Successfully executed command \"sh -c mkdir -p /workspace/source\"; output "}

Showing logs for build [32mcb-kubecd-environment-pr-209-57-r6jng-1[0m stage [32mfrom-build-pack[0m and container [32mstep-place-tools[0m

Showing logs for build [32mcb-kubecd-environment-pr-209-57-r6jng-1[0m stage [32mfrom-build-pack[0m and container [32mstep-git-source-cb-kubecd-environment-pr-209-57-r6jng-4t99h[0m
{"level":"info","ts":1587843253.8535607,"logger":"fallback-logger","caller":"logging/config.go:69","msg":"Fetch GitHub commit ID from kodata failed: open /var/run/ko/refs/heads/0.8.0-ns-support: no such file or directory"}
{"level":"info","ts":1587843254.9010732,"logger":"fallback-logger","caller":"git/git.go:103","msg":"Successfully cloned https://github.com/cb-kubecd/environment-pr-209-57-boot-gke-staging.git @ master in path /workspace/source"}

Showing logs for build [32mcb-kubecd-environment-pr-209-57-r6jng-1[0m stage [32mfrom-build-pack[0m and container [32mstep-git-merge[0m
Using SHAs from PULL_REFS=master:04e7e75173d66f3f15c5444a2129c09ff2f06212,5:b9e74958815811393bfd3bba65c5a7714c169599
DEBUG: LC_ALL=C JX_LOG_LEVEL=error git fetch origin --unshallow b9e74958815811393bfd3bba65c5a7714c169599: 04e7e75173d66f3f15c5444a2129c09ff2f06212:
DEBUG: ran git fetch --unshallow origin b9e74958815811393bfd3bba65c5a7714c169599: 04e7e75173d66f3f15c5444a2129c09ff2f06212: in 
DEBUG: LC_ALL=C JX_LOG_LEVEL=error git branch
DEBUG: LC_ALL=C JX_LOG_LEVEL=error git checkout master
DEBUG: ran git checkout master in 
DEBUG: LC_ALL=C JX_LOG_LEVEL=error git reset --hard 04e7e75173d66f3f15c5444a2129c09ff2f06212
DEBUG: ran git reset --hard 04e7e75173d66f3f15c5444a2129c09ff2f06212 in 
DEBUG: JX_LOG_LEVEL=error LC_ALL=C git clean -fd .
DEBUG: ran clean --force -d . in 
DEBUG: LC_ALL=C JX_LOG_LEVEL=error git merge b9e74958815811393bfd3bba65c5a7714c169599
DEBUG: ran git merge b9e74958815811393bfd3bba65c5a7714c169599 in 
DEBUG: LC_ALL=C JX_LOG_LEVEL=error git log --format=%H%x1f%an%x1f%ae%x1f%cn%x1f%ce%x1f%s%n%b%x1e 04e7e75173d66f3f15c5444a2129c09ff2f06212..HEAD
Merged SHA b9e74958815811393bfd3bba65c5a7714c169599 with commit message 'chore: Promote bdd-sbrp-import-1587843004 to version 0.0.1' into base branch master

Showing logs for build [32mcb-kubecd-environment-pr-209-57-r6jng-1[0m stage [32mfrom-build-pack[0m and container [32mstep-build-helm-build[0m
WARNING: No $CHART_REPOSITORY defined so using the default value of: http://jenkins-x-chartmuseum:8080
Adding missing Helm repo: storage.googleapis.com https://storage.googleapis.com/chartmuseum.jenkins-x.io
WARNING: No secrets found on "helm/repos" due: reading the secret "helm/repos" from vault: no secret "helm/repos" not found in vault
Read credentials for https://storage.googleapis.com/chartmuseum.jenkins-x.io from vault helm/repos
Successfully added Helm repository storage.googleapis.com.
Adding missing Helm repo: jenkins-x-chartmuseum http://jenkins-x-chartmuseum:8080
WARNING: No secrets found on "helm/repos" due: reading the secret "helm/repos" from vault: no secret "helm/repos" not found in vault
Read credentials for http://jenkins-x-chartmuseum:8080 from vault helm/repos
Successfully added Helm repository jenkins-x-chartmuseum.
WARNING: No $CHART_REPOSITORY defined so using the default value of: http://jenkins-x-chartmuseum:8080
Adding missing Helm repo: chartmuseum.jenkins-x.io http://chartmuseum.jenkins-x.io
WARNING: No secrets found on "helm/repos" due: reading the secret "helm/repos" from vault: no secret "helm/repos" not found in vault
Read credentials for http://chartmuseum.jenkins-x.io from vault helm/repos
Successfully added Helm repository chartmuseum.jenkins-x.io.
